[23:44:00] imgconvert_cmd: /home/pi/raspberry-timelapse/imgConvert.py                                                                                                               
*** [23:44:22] Capturing...                                                                                                                                                         
*** [23:44:54] Captured /var/www/html/bilder/2021/02/03/sortland_cam_02_23_44_17.jpg (#1537)                                                                                        
[23:44:54] imgconvert_cmd: /home/pi/raspberry-timelapse/imgConvert.py                                                                                                               
*** [23:45:18] Capturing...                                                                                                                                                         
*** [23:45:51] Captured /var/www/html/bilder/2021/02/03/sortland_cam_02_23_45_13.jpg (#1538)                                                                                        
[23:45:51] imgconvert_cmd: /home/pi/raspberry-timelapse/imgConvert.py                                                                                                               
*** [23:46:13] Capturing...                                                                                                                                                         
*** [23:46:45] Captured /var/www/html/bilder/2021/02/03/sortland_cam_02_23_46_08.jpg (#1539)                                                                                        
[23:46:45] imgconvert_cmd: /home/pi/raspberry-timelapse/imgConvert.py                                                                                                               
*** [23:47:07] Capturing...                                                                                                                                                         
*** [23:47:39] Captured /var/www/html/bilder/2021/02/03/sortland_cam_02_23_47_02.jpg (#1540)                                                                                        
[23:47:39] imgconvert_cmd: /home/pi/raspberry-timelapse/imgConvert.py                                                                                                               
*** [23:48:02] Capturing...                                                                                                                                                         
*** [23:48:34] Captured /var/www/html/bilder/2021/02/03/sortland_cam_02_23_47_57.jpg (#1541)                                                                                        
[23:48:34] imgconvert_cmd: /home/pi/raspberry-timelapse/imgConvert.py                                                                                                               
*** [23:48:56] Capturing...                                                                                                                                                         
*** [23:49:28] Captured /var/www/html/bilder/2021/02/03/sortland_cam_02_23_48_51.jpg (#1542)                                                                                        
[23:49:28] imgconvert_cmd: /home/pi/raspberry-timelapse/imgConvert.py                                                                                                               
*** [23:49:51] Capturing...                                                                                                                                                         
*** [23:50:23] Captured /var/www/html/bilder/2021/02/03/sortland_cam_02_23_49_45.jpg (#1543)                                                                                        
[23:50:23] imgconvert_cmd: /home/pi/raspberry-timelapse/imgConvert.py                                                                                                               
*** [23:50:45] Capturing...                                                                                                                                                         
*** [23:51:17] Captured /var/www/html/bilder/2021/02/03/sortland_cam_02_23_50_40.jpg (#1544)                                                                                        
[23:51:17] imgconvert_cmd: /home/pi/raspberry-timelapse/imgConvert.py                                                                                                               
*** [23:51:40] Capturing...                                                                                                                                                         
*** [23:52:12] Captured /var/www/html/bilder/2021/02/03/sortland_cam_02_23_51_34.jpg (#1545)                                                                                        
[23:52:12] imgconvert_cmd: /home/pi/raspberry-timelapse/imgConvert.py                                                                                                               
*** [23:52:34] Capturing...                                                                                                                                                         
*** [23:53:06] Captured /var/www/html/bilder/2021/02/03/sortland_cam_02_23_52_29.jpg (#1546)                                                                                        
[23:53:06] imgconvert_cmd: /home/pi/raspberry-timelapse/imgConvert.py                                                                                                               
*** [23:53:28] Capturing...                                                                                                                                                         
*** [23:54:01] Captured /var/www/html/bilder/2021/02/03/sortland_cam_02_23_53_23.jpg (#1547)                                                                                        
[23:54:01] imgconvert_cmd: /home/pi/raspberry-timelapse/imgConvert.py                                                                                                               
*** [23:54:23] Capturing...                                                                                                                                                         
*** [23:54:55] Captured /var/www/html/bilder/2021/02/03/sortland_cam_02_23_54_18.jpg (#1548)                                                                                        
[23:54:55] imgconvert_cmd: /home/pi/raspberry-timelapse/imgConvert.py                                                                                                               
*** [23:55:17] Capturing...                                                                                                                                                         
*** [23:55:50] Captured /var/www/html/bilder/2021/02/03/sortland_cam_02_23_55_12.jpg (#1549)                                                                                        
[23:55:50] imgconvert_cmd: /home/pi/raspberry-timelapse/imgConvert.py                                                                                                               
*** [23:56:12] Capturing...                                                                                                                                                         
*** [23:56:44] Captured /var/www/html/bilder/2021/02/03/sortland_cam_02_23_56_07.jpg (#1550)                                                                                        
[23:56:44] imgconvert_cmd: /home/pi/raspberry-timelapse/imgConvert.py                                                                                                               
*** [23:57:06] Capturing...                                                                                                                                                         
*** [23:57:38] Captured /var/www/html/bilder/2021/02/03/sortland_cam_02_23_57_01.jpg (#1551)                                                                                        
[23:57:38] imgconvert_cmd: /home/pi/raspberry-timelapse/imgConvert.py                                                                                                               
*** [23:58:01] Capturing...                                                                                                                                                         
*** [23:58:33] Captured /var/www/html/bilder/2021/02/03/sortland_cam_02_23_57_55.jpg (#1552)                                                                                        
[23:58:33] imgconvert_cmd: /home/pi/raspberry-timelapse/imgConvert.py                                                                                                               
*** [23:58:55] Capturing...                                                                                                                                                         
*** [23:59:27] Captured /var/www/html/bilder/2021/02/03/sortland_cam_02_23_58_50.jpg (#1553)                                                                                        
[23:59:27] imgconvert_cmd: /home/pi/raspberry-timelapse/imgConvert.py                                                                                                               
*** [23:59:49] Capturing...                                                                                                                                                         
*** [00:00:22] Captured /var/www/html/bilder/2021/02/03/sortland_cam_02_23_59_44.jpg (#1554)                                                                                        
[00:00:22] imgconvert_cmd: /home/pi/raspberry-timelapse/imgConvert.py                                                                                                               
Traceback (most recent call last):                                                                                                                                                  
  File "/home/pi/raspberry-timelapse/./timelapse.py", line 235, in <module>                                                                                                         
    capture()                                                                                                                                                                       
  File "/home/pi/raspberry-timelapse/./timelapse.py", line 166, in capture                                                                                                          
    take(fileName)                                                                                                                                                                  
  File "/home/pi/raspberry-timelapse/./timelapse.py", line 232, in take                                                                                                             
    copyfile(fileName, status_filename)                                                                                                                                             
  File "/usr/local/lib/python3.9/shutil.py", line 261, in copyfile                                                                                                                  
    with open(src, 'rb') as fsrc, open(dst, 'wb') as fdst:                                                                                                                          
FileNotFoundError: [Errno 2] No such file or directory: '/var/www/html/bilder/2021/02/03/sortland_cam_02_23_59_44.jpg'                                                              
